2026-02-05 18:32:20 - cookie_database - INFO - Cookie数据库初始化完成
2026-02-05 18:32:20 - cookie_database - ERROR - 数据库操作失败: no such column: platform
Traceback (most recent call last):
  File "C:\code\test\social-media-monitor\core\cookie_database.py", line 40, in get_connection
    yield conn
  File "C:\code\test\social-media-monitor\core\cookie_database.py", line 107, in get_cookie
    cursor.execute('''
sqlite3.OperationalError: no such column: platform
2026-02-05 18:32:20 - cookie_database - ERROR - 获取Cookie失败: weibo, 错误: no such column: platform
Traceback (most recent call last):
  File "C:\code\test\social-media-monitor\core\cookie_database.py", line 107, in get_cookie
    cursor.execute('''
sqlite3.OperationalError: no such column: platform
2026-02-05 18:32:20 - cookie_database - INFO - Cookie数据库初始化完成
2026-02-05 18:32:20 - cookie_database - ERROR - 数据库操作失败: no such column: platform
Traceback (most recent call last):
  File "C:\code\test\social-media-monitor\core\cookie_database.py", line 40, in get_connection
    yield conn
  File "C:\code\test\social-media-monitor\core\cookie_database.py", line 107, in get_cookie
    cursor.execute('''
sqlite3.OperationalError: no such column: platform
2026-02-05 18:32:20 - cookie_database - ERROR - 获取Cookie失败: xiaohongshu, 错误: no such column: platform
Traceback (most recent call last):
  File "C:\code\test\social-media-monitor\core\cookie_database.py", line 107, in get_cookie
    cursor.execute('''
sqlite3.OperationalError: no such column: platform
2026-02-05 18:32:20 - cookie_database - INFO - Cookie数据库初始化完成
2026-02-05 18:32:20 - cookie_database - ERROR - 数据库操作失败: no such column: platform
Traceback (most recent call last):
  File "C:\code\test\social-media-monitor\core\cookie_database.py", line 40, in get_connection
    yield conn
  File "C:\code\test\social-media-monitor\core\cookie_database.py", line 107, in get_cookie
    cursor.execute('''
sqlite3.OperationalError: no such column: platform
2026-02-05 18:32:20 - cookie_database - ERROR - 获取Cookie失败: douyin, 错误: no such column: platform
Traceback (most recent call last):
  File "C:\code\test\social-media-monitor\core\cookie_database.py", line 107, in get_cookie
    cursor.execute('''
sqlite3.OperationalError: no such column: platform
2026-02-05 18:32:20 - cookie_database - INFO - Cookie数据库初始化完成
2026-02-05 18:32:21 - cookie_database - INFO - Cookie数据库初始化完成
2026-02-05 18:32:21 - cookie_database - ERROR - 数据库操作失败: no such column: platform
Traceback (most recent call last):
  File "C:\code\test\social-media-monitor\core\cookie_database.py", line 40, in get_connection
    yield conn
  File "C:\code\test\social-media-monitor\core\cookie_database.py", line 107, in get_cookie
    cursor.execute('''
sqlite3.OperationalError: no such column: platform
2026-02-05 18:32:21 - cookie_database - ERROR - 获取Cookie失败: weibo, 错误: no such column: platform
Traceback (most recent call last):
  File "C:\code\test\social-media-monitor\core\cookie_database.py", line 107, in get_cookie
    cursor.execute('''
sqlite3.OperationalError: no such column: platform
2026-02-05 18:32:21 - cookie_database - INFO - Cookie数据库初始化完成
2026-02-05 18:32:21 - cookie_database - ERROR - 数据库操作失败: no such column: platform
Traceback (most recent call last):
  File "C:\code\test\social-media-monitor\core\cookie_database.py", line 40, in get_connection
    yield conn
  File "C:\code\test\social-media-monitor\core\cookie_database.py", line 107, in get_cookie
    cursor.execute('''
sqlite3.OperationalError: no such column: platform
2026-02-05 18:32:21 - cookie_database - ERROR - 获取Cookie失败: xiaohongshu, 错误: no such column: platform
Traceback (most recent call last):
  File "C:\code\test\social-media-monitor\core\cookie_database.py", line 107, in get_cookie
    cursor.execute('''
sqlite3.OperationalError: no such column: platform
2026-02-05 18:32:21 - cookie_database - INFO - Cookie数据库初始化完成
2026-02-05 18:32:21 - cookie_database - ERROR - 数据库操作失败: no such column: platform
Traceback (most recent call last):
  File "C:\code\test\social-media-monitor\core\cookie_database.py", line 40, in get_connection
    yield conn
  File "C:\code\test\social-media-monitor\core\cookie_database.py", line 107, in get_cookie
    cursor.execute('''
sqlite3.OperationalError: no such column: platform
2026-02-05 18:32:21 - cookie_database - ERROR - 获取Cookie失败: douyin, 错误: no such column: platform
Traceback (most recent call last):
  File "C:\code\test\social-media-monitor\core\cookie_database.py", line 107, in get_cookie
    cursor.execute('''
sqlite3.OperationalError: no such column: platform
2026-02-05 18:32:23 - cookie_database - INFO - Cookie数据库初始化完成
2026-02-05 18:32:23 - cookie_database - ERROR - 数据库操作失败: no such column: platform
Traceback (most recent call last):
  File "C:\code\test\social-media-monitor\core\cookie_database.py", line 40, in get_connection
    yield conn
  File "C:\code\test\social-media-monitor\core\cookie_database.py", line 107, in get_cookie
    cursor.execute('''
sqlite3.OperationalError: no such column: platform
2026-02-05 18:32:23 - cookie_database - ERROR - 获取Cookie失败: weibo, 错误: no such column: platform
Traceback (most recent call last):
  File "C:\code\test\social-media-monitor\core\cookie_database.py", line 107, in get_cookie
    cursor.execute('''
sqlite3.OperationalError: no such column: platform
2026-02-05 18:32:23 - cookie_database - INFO - Cookie数据库初始化完成
2026-02-05 18:32:23 - cookie_database - ERROR - 数据库操作失败: no such column: platform
Traceback (most recent call last):
  File "C:\code\test\social-media-monitor\core\cookie_database.py", line 40, in get_connection
    yield conn
  File "C:\code\test\social-media-monitor\core\cookie_database.py", line 107, in get_cookie
    cursor.execute('''
sqlite3.OperationalError: no such column: platform
2026-02-05 18:32:23 - cookie_database - ERROR - 获取Cookie失败: xiaohongshu, 错误: no such column: platform
Traceback (most recent call last):
  File "C:\code\test\social-media-monitor\core\cookie_database.py", line 107, in get_cookie
    cursor.execute('''
sqlite3.OperationalError: no such column: platform
2026-02-05 18:32:23 - cookie_database - INFO - Cookie数据库初始化完成
2026-02-05 18:32:23 - cookie_database - ERROR - 数据库操作失败: no such column: platform
Traceback (most recent call last):
  File "C:\code\test\social-media-monitor\core\cookie_database.py", line 40, in get_connection
    yield conn
  File "C:\code\test\social-media-monitor\core\cookie_database.py", line 107, in get_cookie
    cursor.execute('''
sqlite3.OperationalError: no such column: platform
2026-02-05 18:32:23 - cookie_database - ERROR - 获取Cookie失败: douyin, 错误: no such column: platform
Traceback (most recent call last):
  File "C:\code\test\social-media-monitor\core\cookie_database.py", line 107, in get_cookie
    cursor.execute('''
sqlite3.OperationalError: no such column: platform
2026-02-05 18:32:23 - cookie_database - INFO - Cookie数据库初始化完成
2026-02-05 18:32:23 - cookie_database - ERROR - 数据库操作失败: no such column: platform
Traceback (most recent call last):
  File "C:\code\test\social-media-monitor\core\cookie_database.py", line 40, in get_connection
    yield conn
  File "C:\code\test\social-media-monitor\core\cookie_database.py", line 128, in get_all_cookies
    cursor.execute('SELECT platform, cookie FROM cookies')
sqlite3.OperationalError: no such column: platform
2026-02-05 18:32:23 - cookie_database - ERROR - 获取所有Cookie失败: no such column: platform
Traceback (most recent call last):
  File "C:\code\test\social-media-monitor\core\cookie_database.py", line 128, in get_all_cookies
    cursor.execute('SELECT platform, cookie FROM cookies')
sqlite3.OperationalError: no such column: platform
2026-02-05 18:32:28 - cookie_database - INFO - Cookie数据库初始化完成
2026-02-05 18:32:28 - cookie_database - ERROR - 数据库操作失败: no such column: platform
Traceback (most recent call last):
  File "C:\code\test\social-media-monitor\core\cookie_database.py", line 40, in get_connection
    yield conn
  File "C:\code\test\social-media-monitor\core\cookie_database.py", line 107, in get_cookie
    cursor.execute('''
sqlite3.OperationalError: no such column: platform
2026-02-05 18:32:28 - cookie_database - ERROR - 获取Cookie失败: weibo, 错误: no such column: platform
Traceback (most recent call last):
  File "C:\code\test\social-media-monitor\core\cookie_database.py", line 107, in get_cookie
    cursor.execute('''
sqlite3.OperationalError: no such column: platform
2026-02-05 18:32:28 - cookie_database - INFO - Cookie数据库初始化完成
2026-02-05 18:32:28 - cookie_database - ERROR - 数据库操作失败: no such column: platform
Traceback (most recent call last):
  File "C:\code\test\social-media-monitor\core\cookie_database.py", line 40, in get_connection
    yield conn
  File "C:\code\test\social-media-monitor\core\cookie_database.py", line 107, in get_cookie
    cursor.execute('''
sqlite3.OperationalError: no such column: platform
2026-02-05 18:32:28 - cookie_database - ERROR - 获取Cookie失败: xiaohongshu, 错误: no such column: platform
Traceback (most recent call last):
  File "C:\code\test\social-media-monitor\core\cookie_database.py", line 107, in get_cookie
    cursor.execute('''
sqlite3.OperationalError: no such column: platform
2026-02-05 18:32:28 - cookie_database - INFO - Cookie数据库初始化完成
2026-02-05 18:32:28 - cookie_database - ERROR - 数据库操作失败: no such column: platform
Traceback (most recent call last):
  File "C:\code\test\social-media-monitor\core\cookie_database.py", line 40, in get_connection
    yield conn
  File "C:\code\test\social-media-monitor\core\cookie_database.py", line 107, in get_cookie
    cursor.execute('''
sqlite3.OperationalError: no such column: platform
2026-02-05 18:32:28 - cookie_database - ERROR - 获取Cookie失败: douyin, 错误: no such column: platform
Traceback (most recent call last):
  File "C:\code\test\social-media-monitor\core\cookie_database.py", line 107, in get_cookie
    cursor.execute('''
sqlite3.OperationalError: no such column: platform
2026-02-05 18:32:28 - cookie_database - INFO - Cookie数据库初始化完成
2026-02-05 18:32:28 - cookie_database - ERROR - 数据库操作失败: no such column: platform
Traceback (most recent call last):
  File "C:\code\test\social-media-monitor\core\cookie_database.py", line 40, in get_connection
    yield conn
  File "C:\code\test\social-media-monitor\core\cookie_database.py", line 128, in get_all_cookies
    cursor.execute('SELECT platform, cookie FROM cookies')
sqlite3.OperationalError: no such column: platform
2026-02-05 18:32:28 - cookie_database - ERROR - 获取所有Cookie失败: no such column: platform
Traceback (most recent call last):
  File "C:\code\test\social-media-monitor\core\cookie_database.py", line 128, in get_all_cookies
    cursor.execute('SELECT platform, cookie FROM cookies')
sqlite3.OperationalError: no such column: platform
2026-02-05 18:32:44 - cookie_database - INFO - Cookie数据库初始化完成
2026-02-05 18:32:44 - cookie_database - ERROR - 数据库操作失败: no such column: platform
Traceback (most recent call last):
  File "C:\code\test\social-media-monitor\core\cookie_database.py", line 40, in get_connection
    yield conn
  File "C:\code\test\social-media-monitor\core\cookie_database.py", line 107, in get_cookie
    cursor.execute('''
sqlite3.OperationalError: no such column: platform
2026-02-05 18:32:44 - cookie_database - ERROR - 获取Cookie失败: weibo, 错误: no such column: platform
Traceback (most recent call last):
  File "C:\code\test\social-media-monitor\core\cookie_database.py", line 107, in get_cookie
    cursor.execute('''
sqlite3.OperationalError: no such column: platform
2026-02-05 18:32:44 - cookie_database - INFO - Cookie数据库初始化完成
2026-02-05 18:32:44 - cookie_database - ERROR - 数据库操作失败: no such column: platform
Traceback (most recent call last):
  File "C:\code\test\social-media-monitor\core\cookie_database.py", line 40, in get_connection
    yield conn
  File "C:\code\test\social-media-monitor\core\cookie_database.py", line 107, in get_cookie
    cursor.execute('''
sqlite3.OperationalError: no such column: platform
2026-02-05 18:32:44 - cookie_database - ERROR - 获取Cookie失败: xiaohongshu, 错误: no such column: platform
Traceback (most recent call last):
  File "C:\code\test\social-media-monitor\core\cookie_database.py", line 107, in get_cookie
    cursor.execute('''
sqlite3.OperationalError: no such column: platform
2026-02-05 18:32:44 - cookie_database - INFO - Cookie数据库初始化完成
2026-02-05 18:32:44 - cookie_database - ERROR - 数据库操作失败: no such column: platform
Traceback (most recent call last):
  File "C:\code\test\social-media-monitor\core\cookie_database.py", line 40, in get_connection
    yield conn
  File "C:\code\test\social-media-monitor\core\cookie_database.py", line 107, in get_cookie
    cursor.execute('''
sqlite3.OperationalError: no such column: platform
2026-02-05 18:32:44 - cookie_database - ERROR - 获取Cookie失败: douyin, 错误: no such column: platform
Traceback (most recent call last):
  File "C:\code\test\social-media-monitor\core\cookie_database.py", line 107, in get_cookie
    cursor.execute('''
sqlite3.OperationalError: no such column: platform
2026-02-05 18:32:44 - cookie_database - INFO - Cookie数据库初始化完成
2026-02-05 18:32:44 - cookie_database - ERROR - 数据库操作失败: no such column: platform
Traceback (most recent call last):
  File "C:\code\test\social-media-monitor\core\cookie_database.py", line 40, in get_connection
    yield conn
  File "C:\code\test\social-media-monitor\core\cookie_database.py", line 128, in get_all_cookies
    cursor.execute('SELECT platform, cookie FROM cookies')
sqlite3.OperationalError: no such column: platform
2026-02-05 18:32:44 - cookie_database - ERROR - 获取所有Cookie失败: no such column: platform
Traceback (most recent call last):
  File "C:\code\test\social-media-monitor\core\cookie_database.py", line 128, in get_all_cookies
    cursor.execute('SELECT platform, cookie FROM cookies')
sqlite3.OperationalError: no such column: platform
2026-02-05 18:32:49 - cookie_database - INFO - Cookie数据库初始化完成
2026-02-05 18:32:49 - cookie_database - ERROR - 数据库操作失败: no such column: platform
Traceback (most recent call last):
  File "C:\code\test\social-media-monitor\core\cookie_database.py", line 40, in get_connection
    yield conn
  File "C:\code\test\social-media-monitor\core\cookie_database.py", line 107, in get_cookie
    cursor.execute('''
sqlite3.OperationalError: no such column: platform
2026-02-05 18:32:49 - cookie_database - ERROR - 获取Cookie失败: weibo, 错误: no such column: platform
Traceback (most recent call last):
  File "C:\code\test\social-media-monitor\core\cookie_database.py", line 107, in get_cookie
    cursor.execute('''
sqlite3.OperationalError: no such column: platform
2026-02-05 18:32:49 - cookie_database - INFO - Cookie数据库初始化完成
2026-02-05 18:32:49 - cookie_database - ERROR - 数据库操作失败: no such column: platform
Traceback (most recent call last):
  File "C:\code\test\social-media-monitor\core\cookie_database.py", line 40, in get_connection
    yield conn
  File "C:\code\test\social-media-monitor\core\cookie_database.py", line 107, in get_cookie
    cursor.execute('''
sqlite3.OperationalError: no such column: platform
2026-02-05 18:32:49 - cookie_database - ERROR - 获取Cookie失败: xiaohongshu, 错误: no such column: platform
Traceback (most recent call last):
  File "C:\code\test\social-media-monitor\core\cookie_database.py", line 107, in get_cookie
    cursor.execute('''
sqlite3.OperationalError: no such column: platform
2026-02-05 18:32:49 - cookie_database - INFO - Cookie数据库初始化完成
2026-02-05 18:32:49 - cookie_database - ERROR - 数据库操作失败: no such column: platform
Traceback (most recent call last):
  File "C:\code\test\social-media-monitor\core\cookie_database.py", line 40, in get_connection
    yield conn
  File "C:\code\test\social-media-monitor\core\cookie_database.py", line 107, in get_cookie
    cursor.execute('''
sqlite3.OperationalError: no such column: platform
2026-02-05 18:32:49 - cookie_database - ERROR - 获取Cookie失败: douyin, 错误: no such column: platform
Traceback (most recent call last):
  File "C:\code\test\social-media-monitor\core\cookie_database.py", line 107, in get_cookie
    cursor.execute('''
sqlite3.OperationalError: no such column: platform
2026-02-05 18:32:49 - cookie_database - INFO - Cookie数据库初始化完成
2026-02-05 18:32:49 - cookie_database - ERROR - 数据库操作失败: no such column: platform
Traceback (most recent call last):
  File "C:\code\test\social-media-monitor\core\cookie_database.py", line 40, in get_connection
    yield conn
  File "C:\code\test\social-media-monitor\core\cookie_database.py", line 128, in get_all_cookies
    cursor.execute('SELECT platform, cookie FROM cookies')
sqlite3.OperationalError: no such column: platform
2026-02-05 18:32:49 - cookie_database - ERROR - 获取所有Cookie失败: no such column: platform
Traceback (most recent call last):
  File "C:\code\test\social-media-monitor\core\cookie_database.py", line 128, in get_all_cookies
    cursor.execute('SELECT platform, cookie FROM cookies')
sqlite3.OperationalError: no such column: platform
2026-02-05 18:32:49 - cookie_database - INFO - Cookie数据库初始化完成
2026-02-05 18:32:49 - cookie_database - ERROR - 数据库操作失败: no such column: platform
Traceback (most recent call last):
  File "C:\code\test\social-media-monitor\core\cookie_database.py", line 40, in get_connection
    yield conn
  File "C:\code\test\social-media-monitor\core\cookie_database.py", line 107, in get_cookie
    cursor.execute('''
sqlite3.OperationalError: no such column: platform
2026-02-05 18:32:49 - cookie_database - ERROR - 获取Cookie失败: weibo, 错误: no such column: platform
Traceback (most recent call last):
  File "C:\code\test\social-media-monitor\core\cookie_database.py", line 107, in get_cookie
    cursor.execute('''
sqlite3.OperationalError: no such column: platform
2026-02-05 18:32:49 - cookie_database - INFO - Cookie数据库初始化完成
2026-02-05 18:32:49 - cookie_database - ERROR - 数据库操作失败: no such column: platform
Traceback (most recent call last):
  File "C:\code\test\social-media-monitor\core\cookie_database.py", line 40, in get_connection
    yield conn
  File "C:\code\test\social-media-monitor\core\cookie_database.py", line 107, in get_cookie
    cursor.execute('''
sqlite3.OperationalError: no such column: platform
2026-02-05 18:32:49 - cookie_database - ERROR - 获取Cookie失败: xiaohongshu, 错误: no such column: platform
Traceback (most recent call last):
  File "C:\code\test\social-media-monitor\core\cookie_database.py", line 107, in get_cookie
    cursor.execute('''
sqlite3.OperationalError: no such column: platform
2026-02-05 18:32:49 - cookie_database - INFO - Cookie数据库初始化完成
2026-02-05 18:32:49 - cookie_database - ERROR - 数据库操作失败: no such column: platform
Traceback (most recent call last):
  File "C:\code\test\social-media-monitor\core\cookie_database.py", line 40, in get_connection
    yield conn
  File "C:\code\test\social-media-monitor\core\cookie_database.py", line 107, in get_cookie
    cursor.execute('''
sqlite3.OperationalError: no such column: platform
2026-02-05 18:32:49 - cookie_database - ERROR - 获取Cookie失败: douyin, 错误: no such column: platform
Traceback (most recent call last):
  File "C:\code\test\social-media-monitor\core\cookie_database.py", line 107, in get_cookie
    cursor.execute('''
sqlite3.OperationalError: no such column: platform
2026-02-05 18:32:49 - cookie_database - INFO - Cookie数据库初始化完成
2026-02-05 18:32:49 - cookie_database - ERROR - 数据库操作失败: no such column: platform
Traceback (most recent call last):
  File "C:\code\test\social-media-monitor\core\cookie_database.py", line 40, in get_connection
    yield conn
  File "C:\code\test\social-media-monitor\core\cookie_database.py", line 128, in get_all_cookies
    cursor.execute('SELECT platform, cookie FROM cookies')
sqlite3.OperationalError: no such column: platform
2026-02-05 18:32:49 - cookie_database - ERROR - 获取所有Cookie失败: no such column: platform
Traceback (most recent call last):
  File "C:\code\test\social-media-monitor\core\cookie_database.py", line 128, in get_all_cookies
    cursor.execute('SELECT platform, cookie FROM cookies')
sqlite3.OperationalError: no such column: platform
2026-02-05 18:32:49 - cookie_database - ERROR - 数据库操作失败: table cookies has no column named platform
Traceback (most recent call last):
  File "C:\code\test\social-media-monitor\core\cookie_database.py", line 40, in get_connection
    yield conn
  File "C:\code\test\social-media-monitor\core\cookie_database.py", line 83, in save_cookie
    cursor.execute('''
sqlite3.OperationalError: table cookies has no column named platform
2026-02-05 18:32:49 - cookie_database - ERROR - 保存Cookie失败: weibo, 错误: table cookies has no column named platform
Traceback (most recent call last):
  File "C:\code\test\social-media-monitor\core\cookie_database.py", line 83, in save_cookie
    cursor.execute('''
sqlite3.OperationalError: table cookies has no column named platform
2026-02-05 18:32:52 - cookie_database - INFO - Cookie数据库初始化完成
2026-02-05 18:32:52 - cookie_database - ERROR - 数据库操作失败: no such column: platform
Traceback (most recent call last):
  File "C:\code\test\social-media-monitor\core\cookie_database.py", line 40, in get_connection
    yield conn
  File "C:\code\test\social-media-monitor\core\cookie_database.py", line 107, in get_cookie
    cursor.execute('''
sqlite3.OperationalError: no such column: platform
2026-02-05 18:32:52 - cookie_database - ERROR - 获取Cookie失败: weibo, 错误: no such column: platform
Traceback (most recent call last):
  File "C:\code\test\social-media-monitor\core\cookie_database.py", line 107, in get_cookie
    cursor.execute('''
sqlite3.OperationalError: no such column: platform
2026-02-05 18:32:52 - cookie_database - INFO - Cookie数据库初始化完成
2026-02-05 18:32:53 - cookie_database - ERROR - 数据库操作失败: no such column: platform
Traceback (most recent call last):
  File "C:\code\test\social-media-monitor\core\cookie_database.py", line 40, in get_connection
    yield conn
  File "C:\code\test\social-media-monitor\core\cookie_database.py", line 107, in get_cookie
    cursor.execute('''
sqlite3.OperationalError: no such column: platform
2026-02-05 18:32:53 - cookie_database - ERROR - 获取Cookie失败: xiaohongshu, 错误: no such column: platform
Traceback (most recent call last):
  File "C:\code\test\social-media-monitor\core\cookie_database.py", line 107, in get_cookie
    cursor.execute('''
sqlite3.OperationalError: no such column: platform
2026-02-05 18:32:53 - cookie_database - INFO - Cookie数据库初始化完成
2026-02-05 18:32:53 - cookie_database - ERROR - 数据库操作失败: no such column: platform
Traceback (most recent call last):
  File "C:\code\test\social-media-monitor\core\cookie_database.py", line 40, in get_connection
    yield conn
  File "C:\code\test\social-media-monitor\core\cookie_database.py", line 107, in get_cookie
    cursor.execute('''
sqlite3.OperationalError: no such column: platform
2026-02-05 18:32:53 - cookie_database - ERROR - 获取Cookie失败: douyin, 错误: no such column: platform
Traceback (most recent call last):
  File "C:\code\test\social-media-monitor\core\cookie_database.py", line 107, in get_cookie
    cursor.execute('''
sqlite3.OperationalError: no such column: platform
2026-02-05 18:32:53 - cookie_database - INFO - Cookie数据库初始化完成
2026-02-05 18:32:53 - cookie_database - ERROR - 数据库操作失败: no such column: platform
Traceback (most recent call last):
  File "C:\code\test\social-media-monitor\core\cookie_database.py", line 40, in get_connection
    yield conn
  File "C:\code\test\social-media-monitor\core\cookie_database.py", line 128, in get_all_cookies
    cursor.execute('SELECT platform, cookie FROM cookies')
sqlite3.OperationalError: no such column: platform
2026-02-05 18:32:53 - cookie_database - ERROR - 获取所有Cookie失败: no such column: platform
Traceback (most recent call last):
  File "C:\code\test\social-media-monitor\core\cookie_database.py", line 128, in get_all_cookies
    cursor.execute('SELECT platform, cookie FROM cookies')
sqlite3.OperationalError: no such column: platform
2026-02-05 18:32:53 - cookie_database - ERROR - 数据库操作失败: table cookies has no column named platform
Traceback (most recent call last):
  File "C:\code\test\social-media-monitor\core\cookie_database.py", line 40, in get_connection
    yield conn
  File "C:\code\test\social-media-monitor\core\cookie_database.py", line 83, in save_cookie
    cursor.execute('''
sqlite3.OperationalError: table cookies has no column named platform
2026-02-05 18:32:53 - cookie_database - ERROR - 保存Cookie失败: weibo, 错误: table cookies has no column named platform
Traceback (most recent call last):
  File "C:\code\test\social-media-monitor\core\cookie_database.py", line 83, in save_cookie
    cursor.execute('''
sqlite3.OperationalError: table cookies has no column named platform
2026-02-05 18:32:56 - cookie_database - INFO - Cookie数据库初始化完成
2026-02-05 18:32:56 - cookie_database - ERROR - 数据库操作失败: no such column: platform
Traceback (most recent call last):
  File "C:\code\test\social-media-monitor\core\cookie_database.py", line 40, in get_connection
    yield conn
  File "C:\code\test\social-media-monitor\core\cookie_database.py", line 107, in get_cookie
    cursor.execute('''
sqlite3.OperationalError: no such column: platform
2026-02-05 18:32:56 - cookie_database - ERROR - 获取Cookie失败: weibo, 错误: no such column: platform
Traceback (most recent call last):
  File "C:\code\test\social-media-monitor\core\cookie_database.py", line 107, in get_cookie
    cursor.execute('''
sqlite3.OperationalError: no such column: platform
2026-02-05 18:32:56 - cookie_database - INFO - Cookie数据库初始化完成
2026-02-05 18:32:56 - cookie_database - ERROR - 数据库操作失败: no such column: platform
Traceback (most recent call last):
  File "C:\code\test\social-media-monitor\core\cookie_database.py", line 40, in get_connection
    yield conn
  File "C:\code\test\social-media-monitor\core\cookie_database.py", line 107, in get_cookie
    cursor.execute('''
sqlite3.OperationalError: no such column: platform
2026-02-05 18:32:56 - cookie_database - ERROR - 获取Cookie失败: xiaohongshu, 错误: no such column: platform
Traceback (most recent call last):
  File "C:\code\test\social-media-monitor\core\cookie_database.py", line 107, in get_cookie
    cursor.execute('''
sqlite3.OperationalError: no such column: platform
2026-02-05 18:32:56 - cookie_database - INFO - Cookie数据库初始化完成
2026-02-05 18:32:56 - cookie_database - ERROR - 数据库操作失败: no such column: platform
Traceback (most recent call last):
  File "C:\code\test\social-media-monitor\core\cookie_database.py", line 40, in get_connection
    yield conn
  File "C:\code\test\social-media-monitor\core\cookie_database.py", line 107, in get_cookie
    cursor.execute('''
sqlite3.OperationalError: no such column: platform
2026-02-05 18:32:56 - cookie_database - ERROR - 获取Cookie失败: douyin, 错误: no such column: platform
Traceback (most recent call last):
  File "C:\code\test\social-media-monitor\core\cookie_database.py", line 107, in get_cookie
    cursor.execute('''
sqlite3.OperationalError: no such column: platform
2026-02-05 18:32:56 - cookie_database - INFO - Cookie数据库初始化完成
2026-02-05 18:32:56 - cookie_database - ERROR - 数据库操作失败: no such column: platform
Traceback (most recent call last):
  File "C:\code\test\social-media-monitor\core\cookie_database.py", line 40, in get_connection
    yield conn
  File "C:\code\test\social-media-monitor\core\cookie_database.py", line 128, in get_all_cookies
    cursor.execute('SELECT platform, cookie FROM cookies')
sqlite3.OperationalError: no such column: platform
2026-02-05 18:32:56 - cookie_database - ERROR - 获取所有Cookie失败: no such column: platform
Traceback (most recent call last):
  File "C:\code\test\social-media-monitor\core\cookie_database.py", line 128, in get_all_cookies
    cursor.execute('SELECT platform, cookie FROM cookies')
sqlite3.OperationalError: no such column: platform
2026-02-05 18:32:56 - cookie_database - ERROR - 数据库操作失败: table cookies has no column named platform
Traceback (most recent call last):
  File "C:\code\test\social-media-monitor\core\cookie_database.py", line 40, in get_connection
    yield conn
  File "C:\code\test\social-media-monitor\core\cookie_database.py", line 83, in save_cookie
    cursor.execute('''
sqlite3.OperationalError: table cookies has no column named platform
2026-02-05 18:32:56 - cookie_database - ERROR - 保存Cookie失败: weibo, 错误: table cookies has no column named platform
Traceback (most recent call last):
  File "C:\code\test\social-media-monitor\core\cookie_database.py", line 83, in save_cookie
    cursor.execute('''
sqlite3.OperationalError: table cookies has no column named platform
2026-02-05 18:33:08 - cookie_database - INFO - Cookie数据库初始化完成
2026-02-05 18:33:08 - cookie_database - ERROR - 数据库操作失败: no such column: platform
Traceback (most recent call last):
  File "C:\code\test\social-media-monitor\core\cookie_database.py", line 40, in get_connection
    yield conn
  File "C:\code\test\social-media-monitor\core\cookie_database.py", line 107, in get_cookie
    cursor.execute('''
sqlite3.OperationalError: no such column: platform
2026-02-05 18:33:08 - cookie_database - ERROR - 获取Cookie失败: weibo, 错误: no such column: platform
Traceback (most recent call last):
  File "C:\code\test\social-media-monitor\core\cookie_database.py", line 107, in get_cookie
    cursor.execute('''
sqlite3.OperationalError: no such column: platform
2026-02-05 18:33:08 - cookie_database - INFO - Cookie数据库初始化完成
2026-02-05 18:33:08 - cookie_database - ERROR - 数据库操作失败: no such column: platform
Traceback (most recent call last):
  File "C:\code\test\social-media-monitor\core\cookie_database.py", line 40, in get_connection
    yield conn
  File "C:\code\test\social-media-monitor\core\cookie_database.py", line 107, in get_cookie
    cursor.execute('''
sqlite3.OperationalError: no such column: platform
2026-02-05 18:33:08 - cookie_database - ERROR - 获取Cookie失败: xiaohongshu, 错误: no such column: platform
Traceback (most recent call last):
  File "C:\code\test\social-media-monitor\core\cookie_database.py", line 107, in get_cookie
    cursor.execute('''
sqlite3.OperationalError: no such column: platform
2026-02-05 18:33:08 - cookie_database - INFO - Cookie数据库初始化完成
2026-02-05 18:33:08 - cookie_database - ERROR - 数据库操作失败: no such column: platform
Traceback (most recent call last):
  File "C:\code\test\social-media-monitor\core\cookie_database.py", line 40, in get_connection
    yield conn
  File "C:\code\test\social-media-monitor\core\cookie_database.py", line 107, in get_cookie
    cursor.execute('''
sqlite3.OperationalError: no such column: platform
2026-02-05 18:33:08 - cookie_database - ERROR - 获取Cookie失败: douyin, 错误: no such column: platform
Traceback (most recent call last):
  File "C:\code\test\social-media-monitor\core\cookie_database.py", line 107, in get_cookie
    cursor.execute('''
sqlite3.OperationalError: no such column: platform
2026-02-05 18:33:08 - cookie_database - INFO - Cookie数据库初始化完成
2026-02-05 18:33:08 - cookie_database - ERROR - 数据库操作失败: no such column: platform
Traceback (most recent call last):
  File "C:\code\test\social-media-monitor\core\cookie_database.py", line 40, in get_connection
    yield conn
  File "C:\code\test\social-media-monitor\core\cookie_database.py", line 128, in get_all_cookies
    cursor.execute('SELECT platform, cookie FROM cookies')
sqlite3.OperationalError: no such column: platform
2026-02-05 18:33:08 - cookie_database - ERROR - 获取所有Cookie失败: no such column: platform
Traceback (most recent call last):
  File "C:\code\test\social-media-monitor\core\cookie_database.py", line 128, in get_all_cookies
    cursor.execute('SELECT platform, cookie FROM cookies')
sqlite3.OperationalError: no such column: platform
2026-02-05 18:33:08 - cookie_database - INFO - Cookie数据库初始化完成
2026-02-05 18:33:08 - cookie_database - ERROR - 数据库操作失败: no such column: platform
Traceback (most recent call last):
  File "C:\code\test\social-media-monitor\core\cookie_database.py", line 40, in get_connection
    yield conn
  File "C:\code\test\social-media-monitor\core\cookie_database.py", line 107, in get_cookie
    cursor.execute('''
sqlite3.OperationalError: no such column: platform
2026-02-05 18:33:08 - cookie_database - ERROR - 获取Cookie失败: weibo, 错误: no such column: platform
Traceback (most recent call last):
  File "C:\code\test\social-media-monitor\core\cookie_database.py", line 107, in get_cookie
    cursor.execute('''
sqlite3.OperationalError: no such column: platform
2026-02-05 18:33:08 - cookie_database - INFO - Cookie数据库初始化完成
2026-02-05 18:33:08 - cookie_database - ERROR - 数据库操作失败: no such column: platform
Traceback (most recent call last):
  File "C:\code\test\social-media-monitor\core\cookie_database.py", line 40, in get_connection
    yield conn
  File "C:\code\test\social-media-monitor\core\cookie_database.py", line 107, in get_cookie
    cursor.execute('''
sqlite3.OperationalError: no such column: platform
2026-02-05 18:33:08 - cookie_database - ERROR - 获取Cookie失败: xiaohongshu, 错误: no such column: platform
Traceback (most recent call last):
  File "C:\code\test\social-media-monitor\core\cookie_database.py", line 107, in get_cookie
    cursor.execute('''
sqlite3.OperationalError: no such column: platform
2026-02-05 18:33:08 - cookie_database - INFO - Cookie数据库初始化完成
2026-02-05 18:33:08 - cookie_database - ERROR - 数据库操作失败: no such column: platform
Traceback (most recent call last):
  File "C:\code\test\social-media-monitor\core\cookie_database.py", line 40, in get_connection
    yield conn
  File "C:\code\test\social-media-monitor\core\cookie_database.py", line 107, in get_cookie
    cursor.execute('''
sqlite3.OperationalError: no such column: platform
2026-02-05 18:33:08 - cookie_database - ERROR - 获取Cookie失败: douyin, 错误: no such column: platform
Traceback (most recent call last):
  File "C:\code\test\social-media-monitor\core\cookie_database.py", line 107, in get_cookie
    cursor.execute('''
sqlite3.OperationalError: no such column: platform
2026-02-05 18:33:08 - cookie_database - INFO - Cookie数据库初始化完成
2026-02-05 18:33:08 - cookie_database - ERROR - 数据库操作失败: no such column: platform
Traceback (most recent call last):
  File "C:\code\test\social-media-monitor\core\cookie_database.py", line 40, in get_connection
    yield conn
  File "C:\code\test\social-media-monitor\core\cookie_database.py", line 128, in get_all_cookies
    cursor.execute('SELECT platform, cookie FROM cookies')
sqlite3.OperationalError: no such column: platform
2026-02-05 18:33:08 - cookie_database - ERROR - 获取所有Cookie失败: no such column: platform
Traceback (most recent call last):
  File "C:\code\test\social-media-monitor\core\cookie_database.py", line 128, in get_all_cookies
    cursor.execute('SELECT platform, cookie FROM cookies')
sqlite3.OperationalError: no such column: platform
2026-02-05 18:33:08 - cookie_database - ERROR - 数据库操作失败: table cookies has no column named platform
Traceback (most recent call last):
  File "C:\code\test\social-media-monitor\core\cookie_database.py", line 40, in get_connection
    yield conn
  File "C:\code\test\social-media-monitor\core\cookie_database.py", line 83, in save_cookie
    cursor.execute('''
sqlite3.OperationalError: table cookies has no column named platform
2026-02-05 18:33:08 - cookie_database - ERROR - 保存Cookie失败: weibo, 错误: table cookies has no column named platform
Traceback (most recent call last):
  File "C:\code\test\social-media-monitor\core\cookie_database.py", line 83, in save_cookie
    cursor.execute('''
sqlite3.OperationalError: table cookies has no column named platform
2026-02-05 18:33:12 - cookie_database - INFO - Cookie数据库初始化完成
2026-02-05 18:33:12 - cookie_database - ERROR - 数据库操作失败: no such column: platform
Traceback (most recent call last):
  File "C:\code\test\social-media-monitor\core\cookie_database.py", line 40, in get_connection
    yield conn
  File "C:\code\test\social-media-monitor\core\cookie_database.py", line 107, in get_cookie
    cursor.execute('''
sqlite3.OperationalError: no such column: platform
2026-02-05 18:33:12 - cookie_database - ERROR - 获取Cookie失败: weibo, 错误: no such column: platform
Traceback (most recent call last):
  File "C:\code\test\social-media-monitor\core\cookie_database.py", line 107, in get_cookie
    cursor.execute('''
sqlite3.OperationalError: no such column: platform
2026-02-05 18:33:12 - cookie_database - INFO - Cookie数据库初始化完成
2026-02-05 18:33:12 - cookie_database - ERROR - 数据库操作失败: no such column: platform
Traceback (most recent call last):
  File "C:\code\test\social-media-monitor\core\cookie_database.py", line 40, in get_connection
    yield conn
  File "C:\code\test\social-media-monitor\core\cookie_database.py", line 107, in get_cookie
    cursor.execute('''
sqlite3.OperationalError: no such column: platform
2026-02-05 18:33:12 - cookie_database - ERROR - 获取Cookie失败: xiaohongshu, 错误: no such column: platform
Traceback (most recent call last):
  File "C:\code\test\social-media-monitor\core\cookie_database.py", line 107, in get_cookie
    cursor.execute('''
sqlite3.OperationalError: no such column: platform
2026-02-05 18:33:12 - cookie_database - INFO - Cookie数据库初始化完成
2026-02-05 18:33:12 - cookie_database - ERROR - 数据库操作失败: no such column: platform
Traceback (most recent call last):
  File "C:\code\test\social-media-monitor\core\cookie_database.py", line 40, in get_connection
    yield conn
  File "C:\code\test\social-media-monitor\core\cookie_database.py", line 107, in get_cookie
    cursor.execute('''
sqlite3.OperationalError: no such column: platform
2026-02-05 18:33:12 - cookie_database - ERROR - 获取Cookie失败: douyin, 错误: no such column: platform
Traceback (most recent call last):
  File "C:\code\test\social-media-monitor\core\cookie_database.py", line 107, in get_cookie
    cursor.execute('''
sqlite3.OperationalError: no such column: platform
2026-02-05 18:33:12 - cookie_database - INFO - Cookie数据库初始化完成
2026-02-05 18:33:12 - cookie_database - ERROR - 数据库操作失败: no such column: platform
Traceback (most recent call last):
  File "C:\code\test\social-media-monitor\core\cookie_database.py", line 40, in get_connection
    yield conn
  File "C:\code\test\social-media-monitor\core\cookie_database.py", line 128, in get_all_cookies
    cursor.execute('SELECT platform, cookie FROM cookies')
sqlite3.OperationalError: no such column: platform
2026-02-05 18:33:12 - cookie_database - ERROR - 获取所有Cookie失败: no such column: platform
Traceback (most recent call last):
  File "C:\code\test\social-media-monitor\core\cookie_database.py", line 128, in get_all_cookies
    cursor.execute('SELECT platform, cookie FROM cookies')
sqlite3.OperationalError: no such column: platform
2026-02-05 18:33:12 - cookie_database - ERROR - 数据库操作失败: table cookies has no column named platform
Traceback (most recent call last):
  File "C:\code\test\social-media-monitor\core\cookie_database.py", line 40, in get_connection
    yield conn
  File "C:\code\test\social-media-monitor\core\cookie_database.py", line 83, in save_cookie
    cursor.execute('''
sqlite3.OperationalError: table cookies has no column named platform
2026-02-05 18:33:12 - cookie_database - ERROR - 保存Cookie失败: weibo, 错误: table cookies has no column named platform
Traceback (most recent call last):
  File "C:\code\test\social-media-monitor\core\cookie_database.py", line 83, in save_cookie
    cursor.execute('''
sqlite3.OperationalError: table cookies has no column named platform
2026-02-05 18:34:24 - cookie_database - INFO - Cookie数据库初始化完成
2026-02-05 18:34:24 - cookie_database - INFO - Cookie数据库初始化完成
2026-02-05 18:34:24 - cookie_database - INFO - Cookie数据库初始化完成
2026-02-05 18:34:24 - cookie_database - INFO - Cookie数据库初始化完成
2026-02-05 18:34:24 - cookie_database - INFO - Cookie数据库初始化完成
2026-02-05 18:34:24 - cookie_database - INFO - Cookie数据库初始化完成
2026-02-05 18:34:24 - cookie_database - INFO - Cookie数据库初始化完成
2026-02-05 18:34:26 - cookie_database - INFO - Cookie数据库初始化完成
2026-02-05 18:34:26 - cookie_database - INFO - Cookie数据库初始化完成
2026-02-05 18:34:26 - cookie_database - INFO - Cookie数据库初始化完成
2026-02-05 18:34:26 - cookie_database - INFO - Cookie数据库初始化完成
2026-02-05 18:34:45 - cookie_database - INFO - Cookie数据库初始化完成
2026-02-05 18:34:45 - cookie_database - INFO - Cookie数据库初始化完成
2026-02-05 18:34:45 - cookie_database - INFO - Cookie数据库初始化完成
2026-02-05 18:34:45 - cookie_database - INFO - Cookie数据库初始化完成
2026-02-05 18:34:51 - cookie_database - INFO - Cookie数据库初始化完成
2026-02-05 18:34:51 - cookie_database - INFO - Cookie数据库初始化完成
2026-02-05 18:34:51 - cookie_database - INFO - Cookie数据库初始化完成
2026-02-05 18:34:51 - cookie_database - INFO - Cookie数据库初始化完成
2026-02-05 18:34:51 - cookie_database - INFO - Cookie数据库初始化完成
2026-02-05 18:34:51 - cookie_database - INFO - Cookie数据库初始化完成
2026-02-05 18:34:51 - cookie_database - INFO - Cookie数据库初始化完成
2026-02-05 18:34:51 - cookie_database - INFO - Cookie数据库初始化完成
2026-02-05 18:34:51 - cookie_database - INFO - Cookie已保存: weibo
2026-02-05 18:35:11 - cookie_database - INFO - Cookie数据库初始化完成
2026-02-05 18:35:11 - cookie_database - INFO - Cookie数据库初始化完成
2026-02-05 18:35:11 - cookie_database - INFO - Cookie数据库初始化完成
2026-02-05 18:35:11 - cookie_database - INFO - Cookie数据库初始化完成
2026-02-05 18:35:28 - cookie_database - INFO - Cookie数据库初始化完成
2026-02-05 18:35:28 - cookie_database - INFO - Cookie数据库初始化完成
2026-02-05 18:35:28 - cookie_database - INFO - Cookie数据库初始化完成
2026-02-05 18:35:28 - cookie_database - INFO - Cookie数据库初始化完成
2026-02-05 18:35:31 - cookie_database - INFO - Cookie数据库初始化完成
2026-02-05 18:35:31 - cookie_database - INFO - Cookie数据库初始化完成
2026-02-05 18:35:31 - cookie_database - INFO - Cookie数据库初始化完成
2026-02-05 18:35:31 - cookie_database - INFO - Cookie数据库初始化完成
2026-02-05 18:35:31 - cookie_database - INFO - Cookie已保存: weibo
2026-02-05 18:35:37 - cookie_database - INFO - Cookie数据库初始化完成
2026-02-05 18:35:37 - cookie_database - INFO - Cookie数据库初始化完成
2026-02-05 18:35:37 - cookie_database - INFO - Cookie数据库初始化完成
2026-02-05 18:35:37 - cookie_database - INFO - Cookie数据库初始化完成
2026-02-05 18:35:39 - cookie_database - INFO - Cookie数据库初始化完成
2026-02-05 18:35:39 - cookie_database - INFO - Cookie数据库初始化完成
2026-02-05 18:35:39 - cookie_database - INFO - Cookie数据库初始化完成
2026-02-05 18:35:39 - cookie_database - INFO - Cookie数据库初始化完成
2026-02-05 18:35:59 - cookie_database - INFO - Cookie数据库初始化完成
2026-02-05 18:35:59 - cookie_database - INFO - Cookie数据库初始化完成
2026-02-05 18:35:59 - cookie_database - INFO - Cookie数据库初始化完成
2026-02-05 18:35:59 - cookie_database - INFO - Cookie数据库初始化完成
2026-02-05 18:36:05 - cookie_database - INFO - Cookie数据库初始化完成
2026-02-05 18:36:05 - cookie_database - INFO - Cookie数据库初始化完成
2026-02-05 18:36:05 - cookie_database - INFO - Cookie数据库初始化完成
2026-02-05 18:36:05 - cookie_database - INFO - Cookie数据库初始化完成
2026-02-05 18:36:12 - cookie_database - INFO - Cookie数据库初始化完成
2026-02-05 18:36:12 - cookie_database - INFO - Cookie数据库初始化完成
2026-02-05 18:36:12 - cookie_database - INFO - Cookie数据库初始化完成
2026-02-05 18:36:12 - cookie_database - INFO - Cookie数据库初始化完成
2026-02-05 18:36:29 - cookie_database - INFO - Cookie数据库初始化完成
2026-02-05 18:36:29 - cookie_database - INFO - Cookie数据库初始化完成
2026-02-05 18:36:29 - cookie_database - INFO - Cookie数据库初始化完成
2026-02-05 18:36:29 - cookie_database - INFO - Cookie数据库初始化完成
2026-02-05 18:36:32 - cookie_database - INFO - Cookie数据库初始化完成
2026-02-05 18:36:32 - cookie_database - INFO - Cookie数据库初始化完成
2026-02-05 18:36:32 - cookie_database - INFO - Cookie数据库初始化完成
2026-02-05 18:36:32 - cookie_database - INFO - Cookie数据库初始化完成
2026-02-05 18:36:32 - cookie_database - INFO - Cookie已保存: weibo
2026-02-05 18:42:04 - cookie_database - INFO - Cookie数据库初始化完成
2026-02-05 18:42:04 - cookie_database - INFO - Cookie数据库初始化完成
2026-02-05 18:42:04 - cookie_database - INFO - Cookie数据库初始化完成
2026-02-05 18:42:04 - cookie_database - INFO - Cookie数据库初始化完成
2026-02-05 18:42:05 - cookie_database - INFO - Cookie数据库初始化完成
2026-02-05 18:42:05 - cookie_database - INFO - Cookie数据库初始化完成
2026-02-05 18:42:05 - cookie_database - INFO - Cookie数据库初始化完成
2026-02-05 18:42:08 - cookie_database - INFO - Cookie数据库初始化完成
2026-02-05 18:42:08 - cookie_database - INFO - Cookie数据库初始化完成
2026-02-05 18:42:08 - cookie_database - INFO - Cookie数据库初始化完成
2026-02-05 18:42:08 - cookie_database - INFO - Cookie数据库初始化完成
2026-02-05 18:42:09 - cookie_database - INFO - Cookie数据库初始化完成
2026-02-05 18:42:09 - cookie_database - INFO - Cookie数据库初始化完成
2026-02-05 18:42:09 - cookie_database - INFO - Cookie数据库初始化完成
2026-02-05 18:42:09 - cookie_database - INFO - Cookie数据库初始化完成
2026-02-05 18:42:09 - cookie_database - INFO - Cookie已保存: weibo
2026-02-05 18:42:40 - cookie_database - INFO - Cookie数据库初始化完成
2026-02-05 18:42:40 - cookie_database - INFO - Cookie数据库初始化完成
2026-02-05 18:42:40 - cookie_database - INFO - Cookie数据库初始化完成
2026-02-05 18:42:40 - cookie_database - INFO - Cookie数据库初始化完成
2026-02-05 18:42:45 - cookie_database - INFO - Cookie数据库初始化完成
2026-02-05 18:42:45 - cookie_database - INFO - Cookie数据库初始化完成
2026-02-05 18:42:45 - cookie_database - INFO - Cookie数据库初始化完成
2026-02-05 18:42:45 - cookie_database - INFO - Cookie数据库初始化完成
2026-02-05 18:42:45 - cookie_database - INFO - Cookie数据库初始化完成
2026-02-05 18:42:45 - cookie_database - INFO - Cookie数据库初始化完成
2026-02-05 18:42:45 - cookie_database - INFO - Cookie数据库初始化完成
2026-02-05 18:42:45 - cookie_database - INFO - Cookie数据库初始化完成
2026-02-05 18:42:45 - cookie_database - INFO - Cookie已保存: weibo
2026-02-05 18:43:13 - cookie_database - INFO - Cookie数据库初始化完成
2026-02-05 18:43:13 - cookie_database - INFO - Cookie数据库初始化完成
2026-02-05 18:43:13 - cookie_database - INFO - Cookie数据库初始化完成
2026-02-05 18:43:13 - cookie_database - INFO - Cookie数据库初始化完成
2026-02-05 18:43:18 - cookie_database - INFO - Cookie数据库初始化完成
2026-02-05 18:43:18 - cookie_database - INFO - Cookie数据库初始化完成
2026-02-05 18:43:18 - cookie_database - INFO - Cookie数据库初始化完成
2026-02-05 18:43:18 - cookie_database - INFO - Cookie数据库初始化完成
2026-02-05 18:43:22 - cookie_database - INFO - Cookie数据库初始化完成
2026-02-05 18:43:22 - cookie_database - INFO - Cookie数据库初始化完成
2026-02-05 18:43:22 - cookie_database - INFO - Cookie数据库初始化完成
2026-02-05 18:43:22 - cookie_database - INFO - Cookie数据库初始化完成
2026-02-05 18:43:22 - cookie_database - INFO - Cookie数据库初始化完成
2026-02-05 18:43:22 - cookie_database - INFO - Cookie数据库初始化完成
2026-02-05 18:43:22 - cookie_database - INFO - Cookie数据库初始化完成
2026-02-05 18:43:22 - cookie_database - INFO - Cookie数据库初始化完成
2026-02-05 18:47:23 - cookie_database - INFO - Cookie数据库初始化完成
2026-02-05 18:47:23 - cookie_database - INFO - Cookie数据库初始化完成
2026-02-05 18:47:23 - cookie_database - INFO - Cookie数据库初始化完成
2026-02-05 18:47:24 - cookie_database - INFO - Cookie数据库初始化完成
2026-02-05 18:47:24 - cookie_database - INFO - Cookie数据库初始化完成
2026-02-05 18:47:24 - cookie_database - INFO - Cookie数据库初始化完成
2026-02-05 18:47:24 - cookie_database - INFO - Cookie数据库初始化完成
2026-02-05 18:47:29 - cookie_database - INFO - Cookie数据库初始化完成
2026-02-05 18:47:29 - cookie_database - INFO - Cookie数据库初始化完成
2026-02-05 18:47:29 - cookie_database - INFO - Cookie数据库初始化完成
2026-02-05 18:47:29 - cookie_database - INFO - Cookie数据库初始化完成
2026-02-05 18:47:36 - cookie_database - INFO - Cookie数据库初始化完成
2026-02-05 18:47:36 - cookie_database - INFO - Cookie数据库初始化完成
2026-02-05 18:47:36 - cookie_database - INFO - Cookie数据库初始化完成
2026-02-05 18:47:36 - cookie_database - INFO - Cookie数据库初始化完成
2026-02-05 18:47:36 - cookie_database - INFO - Cookie数据库初始化完成
2026-02-05 18:47:36 - cookie_database - INFO - Cookie数据库初始化完成
2026-02-05 18:47:36 - cookie_database - INFO - Cookie数据库初始化完成
2026-02-05 18:47:36 - cookie_database - INFO - Cookie数据库初始化完成
2026-02-05 18:47:36 - cookie_database - INFO - Cookie已保存: weibo
2026-02-05 18:48:06 - cookie_database - INFO - Cookie数据库初始化完成
2026-02-05 18:48:06 - cookie_database - INFO - Cookie数据库初始化完成
2026-02-05 18:48:06 - cookie_database - INFO - Cookie数据库初始化完成
2026-02-05 18:48:06 - cookie_database - INFO - Cookie数据库初始化完成
2026-02-05 18:48:10 - cookie_database - INFO - Cookie数据库初始化完成
2026-02-05 18:48:10 - cookie_database - INFO - Cookie数据库初始化完成
2026-02-05 18:48:10 - cookie_database - INFO - Cookie数据库初始化完成
2026-02-05 18:48:10 - cookie_database - INFO - Cookie数据库初始化完成
