2026-02-04 16:36:30 - database - INFO - 数据库初始化完成
2026-02-04 16:37:29 - database - INFO - 数据库初始化完成
2026-02-04 16:43:37 - database - INFO - 数据库初始化完成
2026-02-04 16:45:43 - database - INFO - 数据库初始化完成
2026-02-04 16:46:53 - database - INFO - 数据库初始化完成
2026-02-04 16:52:30 - database - INFO - 数据库初始化完成
2026-02-04 16:52:57 - database - INFO - 数据库初始化完成
2026-02-04 16:58:36 - database - INFO - 数据库初始化完成
2026-02-04 17:02:59 - database - INFO - 数据库初始化完成
2026-02-04 17:25:16 - database - INFO - 数据库初始化完成
2026-02-04 17:26:43 - database - INFO - 数据库初始化完成
2026-02-04 17:26:44 - database - INFO - 数据库初始化完成
2026-02-04 17:26:46 - database - INFO - 数据库初始化完成
2026-02-04 17:36:24 - database - INFO - 数据库初始化完成
2026-02-04 17:36:32 - database - INFO - 数据库初始化完成
2026-02-04 17:36:42 - database - INFO - 数据库初始化完成
2026-02-04 17:36:53 - database - INFO - 数据库初始化完成
2026-02-04 17:43:38 - database - INFO - 已添加 display_name 字段到 users 表
2026-02-04 17:43:38 - database - INFO - 已添加 group_id 字段到 users 表
2026-02-04 17:43:38 - database - INFO - 数据库初始化完成
2026-02-04 17:43:39 - database - INFO - 数据库初始化完成
2026-02-04 17:49:48 - database - INFO - 数据库初始化完成
2026-02-04 17:50:06 - database - INFO - 数据库初始化完成
2026-02-04 17:53:13 - database - INFO - 数据库初始化完成
2026-02-04 17:53:17 - database - INFO - 数据库初始化完成
2026-02-04 17:53:20 - database - INFO - 数据库初始化完成
2026-02-04 17:54:06 - database - INFO - 数据库初始化完成
2026-02-04 17:54:09 - database - INFO - 数据库初始化完成
2026-02-05 09:29:38 - database - INFO - 数据库初始化完成
2026-02-05 09:30:12 - database - INFO - 数据库初始化完成
2026-02-05 09:34:06 - database - INFO - 数据库初始化完成
2026-02-05 09:34:10 - database - INFO - 数据库初始化完成
2026-02-05 09:34:15 - database - INFO - 数据库初始化完成
2026-02-05 09:35:07 - database - INFO - 数据库初始化完成
2026-02-05 09:42:29 - database - INFO - 数据库初始化完成
2026-02-05 09:43:25 - database - INFO - 数据库初始化完成
2026-02-05 10:03:17 - database - INFO - 数据库初始化完成
2026-02-05 10:03:19 - database - INFO - 数据库初始化完成
2026-02-05 10:04:22 - database - INFO - 数据库初始化完成
2026-02-05 10:04:24 - database - INFO - 数据库初始化完成
2026-02-05 10:07:41 - database - INFO - 数据库初始化完成
2026-02-05 10:38:07 - database - INFO - 已添加 user_code 字段到 users 表
2026-02-05 10:38:07 - database - INFO - 已添加 user_code 字段到 follower_records 表
2026-02-05 10:38:07 - database - INFO - 数据库初始化完成
2026-02-05 10:38:12 - database - INFO - 数据库初始化完成
2026-02-05 10:39:15 - database - INFO - 数据库初始化完成
2026-02-05 10:39:21 - database - INFO - 数据库初始化完成
2026-02-05 10:53:57 - database - INFO - 数据库初始化完成
2026-02-05 10:54:09 - database - INFO - 数据库初始化完成
2026-02-05 10:54:19 - database - INFO - 数据库初始化完成
2026-02-05 11:58:36 - database - INFO - 数据库初始化完成
2026-02-05 11:58:48 - database - INFO - 数据库初始化完成
2026-02-05 11:58:51 - database - INFO - 数据库初始化完成
2026-02-05 12:02:18 - database - INFO - 数据库初始化完成
2026-02-05 12:09:27 - database - INFO - 数据库初始化完成
2026-02-05 12:15:40 - database - INFO - 数据库初始化完成
2026-02-05 12:16:47 - database - INFO - 数据库初始化完成
2026-02-05 12:18:09 - database - INFO - 数据库初始化完成
2026-02-05 12:38:14 - database - INFO - 数据库初始化完成
2026-02-05 12:38:15 - database - INFO - 数据库初始化完成
2026-02-05 12:38:22 - database - INFO - 已删除粉丝记录: ID=1
2026-02-05 12:38:34 - database - INFO - 已删除粉丝记录: ID=3
2026-02-05 12:38:44 - database - INFO - 已删除粉丝记录: ID=4
2026-02-05 12:39:14 - database - INFO - 已删除用户 29 的 0 条粉丝记录
2026-02-05 12:39:14 - database - INFO - 已删除用户: ID=29
2026-02-05 12:39:47 - database - INFO - 已删除用户 9 的 0 条粉丝记录
2026-02-05 12:39:47 - database - INFO - 已删除用户: ID=9
2026-02-05 12:39:54 - database - INFO - 已删除用户 10 的 0 条粉丝记录
2026-02-05 12:39:54 - database - INFO - 已删除用户: ID=10
2026-02-05 12:39:59 - database - INFO - 已删除用户 11 的 0 条粉丝记录
2026-02-05 12:39:59 - database - INFO - 已删除用户: ID=11
2026-02-05 12:40:12 - database - INFO - 数据库初始化完成
2026-02-05 12:40:51 - database - INFO - 数据库初始化完成
2026-02-05 12:58:08 - database - INFO - 数据库初始化完成
2026-02-05 12:58:09 - database - INFO - 数据库初始化完成
2026-02-05 12:58:42 - database - INFO - 数据库初始化完成
2026-02-05 13:07:11 - database - INFO - 数据库初始化完成
2026-02-05 13:07:13 - database - INFO - 数据库初始化完成
2026-02-05 13:07:57 - database - INFO - 数据库初始化完成
2026-02-05 13:10:01 - database - INFO - 数据库初始化完成
2026-02-05 13:10:02 - database - INFO - 数据库初始化完成
2026-02-05 13:10:38 - database - INFO - 数据库初始化完成
2026-02-05 13:10:42 - database - INFO - 数据库初始化完成
2026-02-05 13:16:18 - database - INFO - 数据库初始化完成
2026-02-05 13:16:25 - database - INFO - 数据库初始化完成
2026-02-05 13:16:29 - database - INFO - 数据库初始化完成
2026-02-05 13:16:29 - database - INFO - 数据库初始化完成
2026-02-05 13:19:22 - database - INFO - 数据库初始化完成
2026-02-05 13:21:06 - database - INFO - 数据库初始化完成
2026-02-05 13:22:47 - database - INFO - 数据库初始化完成
2026-02-05 13:22:48 - database - INFO - 数据库初始化完成
2026-02-05 13:24:48 - database - INFO - 数据库初始化完成
2026-02-05 13:24:49 - database - INFO - 数据库初始化完成
2026-02-05 13:25:10 - database - INFO - 数据库初始化完成
2026-02-05 13:26:10 - database - INFO - 数据库初始化完成
2026-02-05 13:30:25 - database - INFO - 数据库初始化完成
2026-02-05 13:30:42 - database - INFO - 数据库初始化完成
2026-02-05 13:30:43 - database - INFO - 数据库初始化完成
2026-02-05 13:30:44 - database - INFO - 数据库初始化完成
2026-02-05 13:36:15 - database - INFO - 数据库初始化完成
2026-02-05 13:36:18 - database - INFO - 数据库初始化完成
2026-02-05 13:36:24 - database - INFO - 数据库初始化完成
2026-02-05 13:36:27 - database - INFO - 数据库初始化完成
2026-02-05 13:36:29 - database - INFO - 数据库初始化完成
2026-02-05 13:36:55 - database - INFO - 数据库初始化完成
2026-02-05 13:37:02 - database - INFO - 数据库初始化完成
2026-02-05 13:37:03 - database - INFO - 数据库初始化完成
2026-02-05 13:37:04 - database - INFO - 数据库初始化完成
2026-02-05 13:37:18 - database - INFO - 已删除粉丝记录: ID=17
2026-02-05 13:37:20 - database - INFO - 数据库初始化完成
2026-02-05 13:37:24 - database - INFO - 数据库初始化完成
2026-02-05 13:39:03 - database - INFO - 数据库初始化完成
2026-02-05 13:39:14 - database - INFO - 数据库初始化完成
2026-02-05 13:39:32 - database - INFO - 数据库初始化完成
2026-02-05 13:39:39 - database - INFO - 数据库初始化完成
2026-02-05 13:39:41 - database - INFO - 数据库初始化完成
2026-02-05 13:39:44 - database - INFO - 数据库初始化完成
2026-02-05 13:40:00 - database - INFO - 数据库初始化完成
2026-02-05 13:40:03 - database - INFO - 数据库初始化完成
2026-02-05 13:40:06 - database - INFO - 数据库初始化完成
2026-02-05 13:40:17 - database - INFO - 数据库初始化完成
2026-02-05 13:40:39 - database - INFO - 数据库初始化完成
2026-02-05 13:40:40 - database - INFO - 数据库初始化完成
2026-02-05 13:40:41 - database - INFO - 数据库初始化完成
2026-02-05 13:40:46 - database - INFO - 数据库初始化完成
2026-02-05 13:41:07 - database - INFO - 数据库初始化完成
2026-02-05 13:41:07 - database - INFO - 数据库初始化完成
2026-02-05 13:41:08 - database - INFO - 数据库初始化完成
2026-02-05 13:41:24 - database - INFO - 数据库初始化完成
2026-02-05 13:41:34 - database - INFO - 数据库初始化完成
2026-02-05 13:41:35 - database - INFO - 数据库初始化完成
2026-02-05 13:41:42 - database - INFO - 数据库初始化完成
2026-02-05 13:41:44 - database - INFO - 数据库初始化完成
2026-02-05 13:41:45 - database - INFO - 数据库初始化完成
2026-02-05 13:41:54 - database - INFO - 数据库初始化完成
2026-02-05 13:43:58 - database - INFO - 数据库初始化完成
2026-02-05 13:45:35 - database - INFO - 数据库初始化完成
2026-02-05 13:45:40 - database - INFO - 数据库初始化完成
2026-02-05 13:45:43 - database - INFO - 数据库初始化完成
2026-02-05 13:45:52 - database - INFO - 数据库初始化完成
2026-02-05 13:45:55 - database - INFO - 数据库初始化完成
2026-02-05 13:46:29 - database - INFO - 数据库初始化完成
2026-02-05 13:46:30 - database - INFO - 数据库初始化完成
2026-02-05 13:46:47 - database - INFO - 数据库初始化完成
2026-02-05 13:46:48 - database - INFO - 数据库初始化完成
2026-02-05 13:46:49 - database - INFO - 数据库初始化完成
2026-02-05 13:47:10 - database - INFO - 数据库初始化完成
2026-02-05 13:47:13 - database - INFO - 数据库初始化完成
2026-02-05 13:48:27 - database - INFO - 数据库初始化完成
2026-02-05 13:48:28 - database - INFO - 数据库初始化完成
2026-02-05 13:48:35 - database - INFO - 数据库初始化完成
2026-02-05 13:48:36 - database - INFO - 数据库初始化完成
2026-02-05 13:48:36 - database - INFO - 数据库初始化完成
2026-02-05 13:48:41 - database - INFO - 数据库初始化完成
2026-02-05 13:48:45 - database - INFO - 数据库初始化完成
2026-02-05 13:51:07 - database - INFO - 已删除用户 35 的 0 条粉丝记录
2026-02-05 13:51:07 - database - INFO - 已删除用户: ID=35
2026-02-05 13:51:40 - database - INFO - 数据库初始化完成
2026-02-05 13:51:44 - database - INFO - 数据库初始化完成
2026-02-05 13:52:08 - database - INFO - 数据库初始化完成
2026-02-05 13:52:20 - database - INFO - 数据库初始化完成
2026-02-05 13:52:22 - database - INFO - 数据库初始化完成
2026-02-05 13:52:28 - database - INFO - 数据库初始化完成
2026-02-05 13:52:32 - database - INFO - 数据库初始化完成
2026-02-05 13:52:34 - database - INFO - 数据库初始化完成
2026-02-05 13:52:35 - database - INFO - 数据库初始化完成
2026-02-05 13:52:38 - database - INFO - 数据库初始化完成
2026-02-05 13:52:46 - database - INFO - 数据库初始化完成
2026-02-05 13:52:50 - database - INFO - 数据库初始化完成
2026-02-05 13:52:55 - database - INFO - 数据库初始化完成
2026-02-05 13:52:57 - database - INFO - 数据库初始化完成
2026-02-05 13:54:46 - database - INFO - 数据库初始化完成
2026-02-05 13:54:51 - database - INFO - 数据库初始化完成
2026-02-05 13:54:55 - database - INFO - 数据库初始化完成
2026-02-05 13:54:57 - database - INFO - 数据库初始化完成
2026-02-05 13:55:00 - database - INFO - 数据库初始化完成
2026-02-05 13:55:06 - database - INFO - 数据库初始化完成
2026-02-05 14:07:00 - database - INFO - 数据库初始化完成
2026-02-05 14:13:50 - database - INFO - 数据库初始化完成
2026-02-05 14:13:56 - database - INFO - 数据库初始化完成
2026-02-05 14:15:25 - database - INFO - 数据库初始化完成
2026-02-05 14:15:27 - database - INFO - 数据库初始化完成
2026-02-05 14:15:28 - database - INFO - 数据库初始化完成
2026-02-05 14:15:44 - database - INFO - 数据库初始化完成
2026-02-05 14:15:49 - database - INFO - 数据库初始化完成
2026-02-05 14:15:51 - database - INFO - 数据库初始化完成
2026-02-05 14:15:54 - database - INFO - 数据库初始化完成
2026-02-05 14:15:59 - database - INFO - 数据库初始化完成
2026-02-05 14:16:01 - database - INFO - 数据库初始化完成
2026-02-05 14:16:04 - database - INFO - 数据库初始化完成
2026-02-05 14:16:08 - database - INFO - 数据库初始化完成
2026-02-05 14:16:10 - database - INFO - 数据库初始化完成
2026-02-05 14:16:13 - database - INFO - 数据库初始化完成
2026-02-05 14:16:14 - database - INFO - 数据库初始化完成
2026-02-05 14:16:17 - database - INFO - 数据库初始化完成
2026-02-05 14:16:20 - database - INFO - 数据库初始化完成
2026-02-05 14:16:22 - database - INFO - 数据库初始化完成
2026-02-05 14:16:28 - database - INFO - 数据库初始化完成
2026-02-05 14:34:49 - database - INFO - 数据库初始化完成
2026-02-05 14:34:50 - database - INFO - 数据库初始化完成
2026-02-05 14:34:52 - database - INFO - 数据库初始化完成
2026-02-05 14:35:57 - database - INFO - 数据库初始化完成
2026-02-05 14:35:58 - database - INFO - 数据库初始化完成
2026-02-05 15:00:17 - database - INFO - 数据库初始化完成
2026-02-05 15:00:21 - database - INFO - 数据库初始化完成
2026-02-05 15:00:21 - database - INFO - 数据库初始化完成
2026-02-05 15:00:29 - database - INFO - 数据库初始化完成
2026-02-05 15:01:00 - database - INFO - 数据库初始化完成
2026-02-05 15:01:01 - database - INFO - 数据库初始化完成
2026-02-05 15:01:07 - database - INFO - 数据库初始化完成
2026-02-05 15:01:11 - database - INFO - 数据库初始化完成
2026-02-05 17:40:02 - database - INFO - 数据库初始化完成
2026-02-05 17:40:15 - database - INFO - 数据库初始化完成
2026-02-05 17:40:34 - database - INFO - 数据库初始化完成
2026-02-05 17:40:34 - database - INFO - 数据库初始化完成
2026-02-05 17:40:42 - database - INFO - 数据库初始化完成
2026-02-05 17:40:54 - database - INFO - 数据库初始化完成
2026-02-05 17:40:59 - database - INFO - 数据库初始化完成
2026-02-05 17:41:09 - database - INFO - 数据库初始化完成
2026-02-05 17:41:12 - database - INFO - 数据库初始化完成
2026-02-05 17:41:20 - database - INFO - 数据库初始化完成
2026-02-05 17:41:30 - database - INFO - 数据库初始化完成
2026-02-05 17:49:19 - database - INFO - 数据库初始化完成
2026-02-05 17:49:27 - database - INFO - 数据库初始化完成
2026-02-05 17:49:30 - database - INFO - 数据库初始化完成
2026-02-05 17:49:34 - database - INFO - 数据库初始化完成
2026-02-05 17:49:37 - database - INFO - 数据库初始化完成
2026-02-05 17:49:45 - database - INFO - 数据库初始化完成
2026-02-05 17:52:13 - database - INFO - 数据库初始化完成
2026-02-05 17:52:18 - database - INFO - 数据库初始化完成
2026-02-05 17:53:53 - database - INFO - 数据库初始化完成
2026-02-05 18:06:22 - database - INFO - 数据库初始化完成
2026-02-05 18:06:26 - database - INFO - 数据库初始化完成
2026-02-05 18:06:43 - database - INFO - 数据库初始化完成
2026-02-05 18:08:07 - database - INFO - 数据库初始化完成
2026-02-05 18:08:09 - database - INFO - 数据库初始化完成
2026-02-05 18:08:12 - database - INFO - 数据库初始化完成
2026-02-05 18:24:23 - database - INFO - 数据库初始化完成
2026-02-05 18:32:20 - database - INFO - 数据库初始化完成
2026-02-05 18:32:21 - database - INFO - 数据库初始化完成
2026-02-05 18:32:23 - database - INFO - 数据库初始化完成
2026-02-05 18:32:27 - database - INFO - 数据库初始化完成
2026-02-05 18:32:28 - database - INFO - 数据库初始化完成
2026-02-05 18:32:44 - database - INFO - 数据库初始化完成
2026-02-05 18:32:49 - database - INFO - 数据库初始化完成
2026-02-05 18:32:49 - database - INFO - 数据库初始化完成
2026-02-05 18:32:52 - database - INFO - 数据库初始化完成
2026-02-05 18:32:56 - database - INFO - 数据库初始化完成
2026-02-05 18:33:08 - database - INFO - 数据库初始化完成
2026-02-05 18:33:08 - database - INFO - 数据库初始化完成
2026-02-05 18:33:12 - database - INFO - 数据库初始化完成
2026-02-05 18:34:24 - database - INFO - 数据库初始化完成
2026-02-05 18:34:24 - database - INFO - 数据库初始化完成
2026-02-05 18:34:26 - database - INFO - 数据库初始化完成
2026-02-05 18:34:41 - database - INFO - 数据库初始化完成
2026-02-05 18:34:45 - database - INFO - 数据库初始化完成
2026-02-05 18:34:51 - database - INFO - 数据库初始化完成
2026-02-05 18:34:51 - database - INFO - 数据库初始化完成
2026-02-05 18:35:11 - database - INFO - 数据库初始化完成
2026-02-05 18:35:28 - database - INFO - 数据库初始化完成
2026-02-05 18:35:31 - database - INFO - 数据库初始化完成
2026-02-05 18:35:35 - database - INFO - 数据库初始化完成
2026-02-05 18:35:37 - database - INFO - 数据库初始化完成
2026-02-05 18:35:39 - database - INFO - 数据库初始化完成
2026-02-05 18:35:59 - database - INFO - 数据库初始化完成
2026-02-05 18:36:05 - database - INFO - 数据库初始化完成
2026-02-05 18:36:12 - database - INFO - 数据库初始化完成
2026-02-05 18:36:29 - database - INFO - 数据库初始化完成
2026-02-05 18:36:32 - database - INFO - 数据库初始化完成
2026-02-05 18:42:04 - database - INFO - 数据库初始化完成
2026-02-05 18:42:05 - database - INFO - 数据库初始化完成
2026-02-05 18:42:08 - database - INFO - 数据库初始化完成
2026-02-05 18:42:09 - database - INFO - 数据库初始化完成
2026-02-05 18:42:11 - database - INFO - 数据库初始化完成
2026-02-05 18:42:40 - database - INFO - 数据库初始化完成
2026-02-05 18:42:45 - database - INFO - 数据库初始化完成
2026-02-05 18:42:45 - database - INFO - 数据库初始化完成
2026-02-05 18:43:13 - database - INFO - 数据库初始化完成
2026-02-05 18:43:18 - database - INFO - 数据库初始化完成
2026-02-05 18:43:22 - database - INFO - 数据库初始化完成
2026-02-05 18:43:22 - database - INFO - 数据库初始化完成
2026-02-05 18:47:23 - database - INFO - 数据库初始化完成
2026-02-05 18:47:24 - database - INFO - 数据库初始化完成
2026-02-05 18:47:26 - database - INFO - 数据库初始化完成
2026-02-05 18:47:27 - database - INFO - 数据库初始化完成
2026-02-05 18:47:29 - database - INFO - 数据库初始化完成
2026-02-05 18:47:36 - database - INFO - 数据库初始化完成
2026-02-05 18:47:36 - database - INFO - 数据库初始化完成
2026-02-05 18:48:06 - database - INFO - 数据库初始化完成
2026-02-05 18:48:10 - database - INFO - 数据库初始化完成
2026-02-05 18:48:27 - database - INFO - 数据库初始化完成
2026-02-05 18:48:36 - database - INFO - 数据库初始化完成
2026-02-05 18:48:40 - database - INFO - 数据库初始化完成
2026-02-05 18:48:43 - database - INFO - 数据库初始化完成
